#
# A fatal error has been detected by the Java Runtime Environment:
#
#  EXCEPTION_ACCESS_VIOLATION (0xc0000005) at pc=0x00007ffb572778af, pid=20488, tid=0x0000000000003bf4
#
# JRE version: Java(TM) SE Runtime Environment (8.0_112-b15) (build 1.8.0_112-b15)
# Java VM: Java HotSpot(TM) 64-Bit Server VM (25.112-b15 mixed mode windows-amd64 compressed oops)
# Problematic frame:
# C  [librdi_simdata.dll+0x578af]
#
# Failed to write core dump. Minidumps are not enabled by default on client versions of Windows
#
# If you would like to submit a bug report, please visit:
#   http://bugreport.java.com/bugreport/crash.jsp
# The crash happened outside the Java Virtual Machine in native code.
# See problematic frame for where to report the bug.
#

---------------  T H R E A D  ---------------

Current thread (0x00000239362e5800):  JavaThread "AWT-EventQueue-0" [_thread_in_native, id=15348, stack(0x000000abf2500000,0x000000abf2a00000)]

siginfo: ExceptionCode=0xc0000005, reading address 0x0000000000000000

Registers:
RAX=0x00007ffb5742a410, RBX=0x0000023941e5d3c0, RCX=0x0000000000000000, RDX=0x00007ffb5742a410
RSP=0x000000abf29fcdd0, RBP=0x0000000000000000, RSI=0x0000000000000001, RDI=0x0000000000000000
R8 =0x0000000000000000, R9 =0x0000000000000001, R10=0x0000000000000003, R11=0x000000abf29fcdc0
R12=0x00007ffb57340e0c, R13=0x00000239308614f8, R14=0x000027886703433a, R15=0x00000239114daf80
RIP=0x00007ffb572778af, EFLAGS=0x0000000000010246

Top of Stack: (sp=0x000000abf29fcdd0)
0x000000abf29fcdd0:   00000239308614f8 00007ffb57340e0c
0x000000abf29fcde0:   000002396a860270 00007ffc1a56b1e1
0x000000abf29fcdf0:   fffffffffffffffe 000002390ed90000
0x000000abf29fce00:   000027886703433a 0000000000000000
0x000000abf29fce10:   0000000000000001 00007ffb57276622
0x000000abf29fce20:   0000023941e5d3c0 00007ffc180c37eb
0x000000abf29fce30:   0000000000000000 0000000000000000
0x000000abf29fce40:   fffffffffffffffe 00007ffb57340e0c
0x000000abf29fce50:   0000023941e5d470 00007ffb5727679c
0x000000abf29fce60:   0000023941e5d3c0 0000023900000000
0x000000abf29fce70:   0000023968e48a00 0000023968e48a00
0x000000abf29fce80:   fffffffffffffffe 000000abf29fd028
0x000000abf29fce90:   0000000000000000 00007ffb5727ace0
0x000000abf29fcea0:   0000023968e48a00 0000023941e5d3c0
0x000000abf29fceb0:   0000000000000001 0000023900000000
0x000000abf29fcec0:   fffffffffffffffe 00007ffb57340e0c 

Instructions: (pc=0x00007ffb572778af)
0x00007ffb5727788f:   e8 fc fe ff ff 48 8b d0 48 8b cb 48 c1 e9 03 48
0x00007ffb5727789f:   03 cb 48 23 48 30 4c 8b 40 18 48 8b f9 48 03 ff
0x00007ffb572778af:   49 8b 3c f8 48 03 c9 4c 8d 0c cd 08 00 00 00 4d
0x00007ffb572778bf:   8b 14 c8 4c 3b 52 08 75 06 48 8b 42 08 eb 07 4b 


Register to memory mapping:

RAX=0x00007ffb5742a410 is an unknown value
RBX=0x0000023941e5d3c0 is an unknown value
RCX=0x0000000000000000 is an unknown value
RDX=0x00007ffb5742a410 is an unknown value
RSP=0x000000abf29fcdd0 is pointing into the stack for thread: 0x00000239362e5800
RBP=0x0000000000000000 is an unknown value
RSI=0x0000000000000001 is an unknown value
RDI=0x0000000000000000 is an unknown value
R8 =0x0000000000000000 is an unknown value
R9 =0x0000000000000001 is an unknown value
R10=0x0000000000000003 is an unknown value
R11=0x000000abf29fcdc0 is pointing into the stack for thread: 0x00000239362e5800
R12=0x00007ffb57340e0c is an unknown value
R13={method} {0x0000023930861500} 'abortNow' '()V' in 'ui/frmwork/tcltasksi'
R14=0x000027886703433a is an unknown value
R15=0x00000239114daf80 is an unknown value


Stack: [0x000000abf2500000,0x000000abf2a00000],  sp=0x000000abf29fcdd0,  free space=5107k
Native frames: (J=compiled Java code, j=interpreted, Vv=VM code, C=native code)

Java frames: (J=compiled Java code, j=interpreted, Vv=VM code)
j  ui.frmwork.tcltasksi.abortNow()V+0
j  ui.bk.b(Ljava/awt/Component;)Z+72
j  ui.ce.windowClosing(Ljava/awt/event/WindowEvent;)V+79
j  java.awt.AWTEventMulticaster.windowClosing(Ljava/awt/event/WindowEvent;)V+21
j  java.awt.AWTEventMulticaster.windowClosing(Ljava/awt/event/WindowEvent;)V+8
j  java.awt.AWTEventMulticaster.windowClosing(Ljava/awt/event/WindowEvent;)V+8
j  java.awt.AWTEventMulticaster.windowClosing(Ljava/awt/event/WindowEvent;)V+8
J 21431 C1 java.awt.Window.processWindowEvent(Ljava/awt/event/WindowEvent;)V (127 bytes) @ 0x000002391dbcaf9c [0x000002391dbca980+0x61c]
J 26686 C1 javax.swing.JFrame.processWindowEvent(Ljava/awt/event/WindowEvent;)V (71 bytes) @ 0x000002391e9bb774 [0x000002391e9bb6e0+0x94]
J 17809 C1 java.awt.Window.processEvent(Ljava/awt/AWTEvent;)V (101 bytes) @ 0x000002391d2ae50c [0x000002391d2ade00+0x70c]
J 31428 C1 java.awt.Component.dispatchEventImpl(Ljava/awt/AWTEvent;)V (883 bytes) @ 0x000002391f652304 [0x000002391f64cc40+0x56c4]
J 30816 C2 java.awt.Container.dispatchEventImpl(Ljava/awt/AWTEvent;)V (129 bytes) @ 0x000002391f44f348 [0x000002391f44f2e0+0x68]
J 17801 C2 java.awt.Window.dispatchEventImpl(Ljava/awt/AWTEvent;)V (23 bytes) @ 0x000002391d28d08c [0x000002391d28d040+0x4c]
J 18229 C2 java.awt.EventQueue$3.run()Ljava/lang/Object; (5 bytes) @ 0x000002391a90986c [0x000002391a909480+0x3ec]
v  ~StubRoutines::call_stub
J 2595  java.security.AccessController.doPrivileged(Ljava/security/PrivilegedAction;Ljava/security/AccessControlContext;)Ljava/lang/Object; (0 bytes) @ 0x000002391a6096e6 [0x000002391a609680+0x66]
J 14753 C2 java.awt.EventQueue$4.run()Ljava/lang/Object; (5 bytes) @ 0x000002391c96fc28 [0x000002391c96faa0+0x188]
v  ~StubRoutines::call_stub
J 2595  java.security.AccessController.doPrivileged(Ljava/security/PrivilegedAction;Ljava/security/AccessControlContext;)Ljava/lang/Object; (0 bytes) @ 0x000002391a6096e6 [0x000002391a609680+0x66]
J 12237 C2 ui.frmwork.b.d.dispatchEvent(Ljava/awt/AWTEvent;)V (45 bytes) @ 0x000002391bfa128c [0x000002391bfa0fe0+0x2ac]
J 28415 C2 java.awt.EventDispatchThread.pumpOneEventForFilters(I)V (295 bytes) @ 0x000002391e55f590 [0x000002391e55f0e0+0x4b0]
J 20005% C2 java.awt.EventDispatchThread.pumpEventsForFilter(ILjava/awt/Conditional;Ljava/awt/EventFilter;)V (47 bytes) @ 0x000002391d8979c0 [0x000002391d8978a0+0x120]
j  java.awt.EventDispatchThread.pumpEventsForHierarchy(ILjava/awt/Conditional;Ljava/awt/Component;)V+11
j  java.awt.EventDispatchThread.pumpEvents(ILjava/awt/Conditional;)V+4
j  java.awt.EventDispatchThread.pumpEvents(Ljava/awt/Conditional;)V+3
j  java.awt.EventDispatchThread.run()V+9
v  ~StubRoutines::call_stub

---------------  P R O C E S S  ---------------

Java Threads: ( => current thread )
  0x0000023938af6800 JavaThread "Relaunch Simulation" [_thread_in_native, id=24808, stack(0x000000abf5f00000,0x000000abf6400000)]
  0x0000023938af5800 JavaThread "Thread-1939" [_thread_in_native, id=23524, stack(0x000000abf4800000,0x000000abf4900000)]
  0x0000023938af4000 JavaThread "Thread-1938" [_thread_in_native, id=25444, stack(0x000000abf4700000,0x000000abf4800000)]
  0x0000023938af3800 JavaThread "Thread-1937" [_thread_in_native, id=22072, stack(0x000000abf3a00000,0x000000abf3b00000)]
  0x0000023938af1000 JavaThread "Thread-1936" [_thread_in_native, id=10936, stack(0x000000abf3900000,0x000000abf3a00000)]
  0x0000023938aef800 JavaThread "Thread-1935" [_thread_in_native, id=10292, stack(0x000000abeb900000,0x000000abeba00000)]
  0x0000023938aed800 JavaThread "Thread-1917" [_thread_in_native, id=24792, stack(0x000000abf4700000,0x000000abf4800000)]
  0x0000023938aef000 JavaThread "Thread-1916" [_thread_in_native, id=9808, stack(0x000000abf3a00000,0x000000abf3b00000)]
  0x0000023938af2800 JavaThread "Thread-1915" [_thread_in_native, id=22880, stack(0x000000abf3900000,0x000000abf3a00000)]
  0x0000023938af2000 JavaThread "Thread-1914" [_thread_in_native, id=25204, stack(0x000000abeb900000,0x000000abeba00000)]
  0x0000023938aee000 JavaThread "Thread-1886" [_thread_in_native, id=15104, stack(0x000000abf4a00000,0x000000abf4b00000)]
  0x0000023938aec000 JavaThread "Thread-1885" [_thread_in_native, id=24520, stack(0x000000abf4900000,0x000000abf4a00000)]
  0x0000023938aec800 JavaThread "Thread-1884" [_thread_in_native, id=24144, stack(0x000000abf4800000,0x000000abf4900000)]
  0x0000023938880800 JavaThread "Thread-1883" [_thread_in_native, id=8968, stack(0x000000abf4700000,0x000000abf4800000)]
  0x00000239369ee000 JavaThread "Thread-1882" [_thread_in_native, id=20900, stack(0x000000abf3a00000,0x000000abf3b00000)]
  0x00000239369ed800 JavaThread "Thread-1772" [_thread_in_native, id=24432, stack(0x000000abf4a00000,0x000000abf4b00000)]
  0x000002393e3a2800 JavaThread "Thread-1771" [_thread_in_native, id=3748, stack(0x000000abf4900000,0x000000abf4a00000)]
  0x000002393e3a2000 JavaThread "Thread-1770" [_thread_in_native, id=2084, stack(0x000000abf4800000,0x000000abf4900000)]
  0x000002393e3a0800 JavaThread "Thread-1769" [_thread_in_native, id=25008, stack(0x000000abf4700000,0x000000abf4800000)]
  0x000002393e397800 JavaThread "Thread-1768" [_thread_in_native, id=21888, stack(0x000000abf3a00000,0x000000abf3b00000)]
  0x000002393e39e000 JavaThread "Thread-1745" [_thread_in_native, id=16856, stack(0x000000abf6200000,0x000000abf6300000)]
  0x000002393e3a1000 JavaThread "Thread-1744" [_thread_in_native, id=19668, stack(0x000000abf6100000,0x000000abf6200000)]
  0x000002393e39f000 JavaThread "Thread-1743" [_thread_in_native, id=24220, stack(0x000000abf6000000,0x000000abf6100000)]
  0x000002393e39f800 JavaThread "Thread-1742" [_thread_in_native, id=3076, stack(0x000000abf6500000,0x000000abf6600000)]
  0x000002393e395000 JavaThread "Thread-1741" [_thread_in_native, id=23560, stack(0x000000abf3a00000,0x000000abf3b00000)]
  0x000002393e39d800 JavaThread "Update Runs Swing Worker" [_thread_blocked, id=16164, stack(0x000000abf5a00000,0x000000abf5f00000)]
  0x000002393e39c800 JavaThread "Refresh Filesets Swing Worker" [_thread_blocked, id=7784, stack(0x000000abf4b00000,0x000000abf5000000)]
  0x000002393e39c000 JavaThread "Thread-1669" [_thread_in_native, id=23708, stack(0x000000abf6a00000,0x000000abf6b00000)]
  0x000002393e394000 JavaThread "Thread-1667" [_thread_in_native, id=23564, stack(0x000000abf6900000,0x000000abf6a00000)]
  0x000002393e396800 JavaThread "Thread-1666" [_thread_in_native, id=23584, stack(0x000000abf6800000,0x000000abf6900000)]
  0x000002393e398000 JavaThread "Thread-1665" [_thread_in_native, id=23580, stack(0x000000abf6000000,0x000000abf6100000)]
  0x000002393e39b000 JavaThread "Thread-1664" [_thread_in_native, id=24208, stack(0x000000abf3a00000,0x000000abf3b00000)]
  0x000002393e393800 JavaThread "Thread-1618" [_thread_in_native, id=15424, stack(0x000000abf5f00000,0x000000abf6000000)]
  0x000002393e399800 JavaThread "Thread-1617" [_thread_in_native, id=23548, stack(0x000000abf3b00000,0x000000abf3c00000)]
  0x000002393e399000 JavaThread "Thread-1616" [_thread_in_native, id=14440, stack(0x000000abf3a00000,0x000000abf3b00000)]
  0x000002393e39a800 JavaThread "Thread-1615" [_thread_in_native, id=2964, stack(0x000000abf3900000,0x000000abf3a00000)]
  0x000002393e395800 JavaThread "Thread-1614" [_thread_in_native, id=19716, stack(0x000000abeb900000,0x000000abeba00000)]
  0x00000239391b4800 JavaThread "Thread-1567" [_thread_in_native, id=10784, stack(0x000000abf5e00000,0x000000abf5f00000)]
  0x000002393746a000 JavaThread "Thread-1566" [_thread_in_native, id=22220, stack(0x000000abf5d00000,0x000000abf5e00000)]
  0x0000023937471000 JavaThread "Thread-1565" [_thread_in_native, id=9308, stack(0x000000abf5b00000,0x000000abf5c00000)]
  0x000002393746f800 JavaThread "Thread-1564" [_thread_in_native, id=14412, stack(0x000000abf5a00000,0x000000abf5b00000)]
  0x000002393746d000 JavaThread "Thread-1509" [_thread_in_native, id=3640, stack(0x000000abf5c00000,0x000000abf5d00000)]
  0x000002393746b800 JavaThread "Thread-1508" [_thread_in_native, id=22344, stack(0x000000abf5b00000,0x000000abf5c00000)]
  0x000002393746c800 JavaThread "Thread-1507" [_thread_in_native, id=22700, stack(0x000000abf5a00000,0x000000abf5b00000)]
  0x0000023937470000 JavaThread "Thread-1506" [_thread_in_native, id=13792, stack(0x000000abf6000000,0x000000abf6100000)]
  0x000002393746b000 JavaThread "Thread-1505" [_thread_in_native, id=18400, stack(0x000000abf5f00000,0x000000abf6000000)]
  0x000002393746e000 JavaThread "Thread-1438" [_thread_in_native, id=6332, stack(0x000000abf5c00000,0x000000abf5d00000)]
  0x000002393687b000 JavaThread "Thread-1437" [_thread_in_native, id=20336, stack(0x000000abf5b00000,0x000000abf5c00000)]
  0x0000023936881000 JavaThread "Thread-1436" [_thread_in_native, id=21704, stack(0x000000abf5a00000,0x000000abf5b00000)]
  0x00000239391b1800 JavaThread "Thread-1435" [_thread_in_native, id=5388, stack(0x000000abf6000000,0x000000abf6100000)]
  0x00000239391ae800 JavaThread "Thread-1434" [_thread_in_native, id=2424, stack(0x000000abf5f00000,0x000000abf6000000)]
  0x00000239391b0000 JavaThread "Thread-1349" [_thread_in_native, id=4636, stack(0x000000abf5d00000,0x000000abf5e00000)]
  0x00000239391b3800 JavaThread "Thread-1348" [_thread_in_native, id=17192, stack(0x000000abf5c00000,0x000000abf5d00000)]
  0x00000239391b2000 JavaThread "Thread-1347" [_thread_in_native, id=3580, stack(0x000000abf5b00000,0x000000abf5c00000)]
  0x00000239391af000 JavaThread "Thread-1346" [_thread_in_native, id=23052, stack(0x000000abf6000000,0x000000abf6100000)]
  0x00000239391b5000 JavaThread "Thread-1345" [_thread_in_native, id=12312, stack(0x000000abf3b00000,0x000000abf3c00000)]
  0x0000023938d86000 JavaThread "Thread-1315" [_thread_in_native, id=17540, stack(0x000000abf5e00000,0x000000abf5f00000)]
  0x00000239369ec800 JavaThread "Thread-1314" [_thread_in_native, id=7884, stack(0x000000abf5d00000,0x000000abf5e00000)]
  0x000002393ab01000 JavaThread "Thread-1313" [_thread_in_native, id=17072, stack(0x000000abf5b00000,0x000000abf5c00000)]
  0x000002393aaff800 JavaThread "Thread-1312" [_thread_in_native, id=13160, stack(0x000000abf3b00000,0x000000abf3c00000)]
  0x000002393ab00800 JavaThread "Thread-1271" [_thread_in_native, id=6312, stack(0x000000abf5c00000,0x000000abf5d00000)]
  0x000002393ab03800 JavaThread "Thread-1145" [_thread_in_native, id=12124, stack(0x000000abf3b00000,0x000000abf3c00000)]
  0x000002393ab02000 JavaThread "Thread-1144" [_thread_in_native, id=10760, stack(0x000000abf3a00000,0x000000abf3b00000)]
  0x000002393ab05000 JavaThread "Thread-1143" [_thread_in_native, id=21876, stack(0x000000abf3900000,0x000000abf3a00000)]
  0x000002393ab02800 JavaThread "Thread-1142" [_thread_in_native, id=10312, stack(0x000000abeb900000,0x000000abeba00000)]
  0x000002393aaf6800 JavaThread "Thread-1141" [_thread_in_native, id=3868, stack(0x000000abeb800000,0x000000abeb900000)]
  0x000002393aaf7800 JavaThread "Thread-1127" [_thread_in_native, id=18284, stack(0x000000abf3900000,0x000000abf3a00000)]
  0x000002393aafe000 JavaThread "Thread-1097" [_thread_in_native, id=14100, stack(0x000000abeb800000,0x000000abeb900000)]
  0x000002393aaf9800 JavaThread "Thread-1025" [_thread_in_native, id=4764, stack(0x000000abf3a00000,0x000000abf3b00000)]
  0x000002393aafb000 JavaThread "Thread-1024" [_thread_in_native, id=22796, stack(0x000000abf3900000,0x000000abf3a00000)]
  0x000002393aafc800 JavaThread "Thread-1023" [_thread_in_native, id=22488, stack(0x000000abeb900000,0x000000abeba00000)]
  0x000002393aafa800 JavaThread "Thread-1022" [_thread_in_native, id=18408, stack(0x000000abeb800000,0x000000abeb900000)]
  0x000002393aaf6000 JavaThread "Thread-755" [_thread_in_native, id=14892, stack(0x000000abf3b00000,0x000000abf3c00000)]
  0x000002393aaf9000 JavaThread "Thread-687" [_thread_in_native, id=22168, stack(0x000000abf3a00000,0x000000abf3b00000)]
  0x000002393687e000 JavaThread "Thread-686" [_thread_in_native, id=21016, stack(0x000000abf3900000,0x000000abf3a00000)]
  0x00000239369ea800 JavaThread "Thread-685" [_thread_in_native, id=17140, stack(0x000000abeb900000,0x000000abeba00000)]
  0x00000239369e9000 JavaThread "Thread-684" [_thread_in_native, id=368, stack(0x000000abeb800000,0x000000abeb900000)]
  0x0000023938878800 JavaThread "Thread-648" [_thread_in_native, id=21688, stack(0x000000abf5d00000,0x000000abf5e00000)]
  0x0000023938877800 JavaThread "Thread-647" [_thread_in_native, id=7648, stack(0x000000abf5c00000,0x000000abf5d00000)]
  0x000002393687d000 JavaThread "Thread-646" [_thread_in_native, id=1612, stack(0x000000abf5b00000,0x000000abf5c00000)]
  0x0000023936880000 JavaThread "Thread-645" [_thread_in_native, id=9972, stack(0x000000abf3b00000,0x000000abf3c00000)]
  0x000002393687e800 JavaThread "Thread-590" [_thread_in_native, id=23008, stack(0x000000abf5c00000,0x000000abf5d00000)]
  0x000002393687f800 JavaThread "Thread-589" [_thread_in_native, id=16564, stack(0x000000abf5b00000,0x000000abf5c00000)]
  0x000002393687c800 JavaThread "Thread-588" [_thread_in_native, id=17960, stack(0x000000abf3b00000,0x000000abf3c00000)]
  0x000002393687a000 JavaThread "Thread-488" [_thread_in_native, id=9232, stack(0x000000abf5d00000,0x000000abf5e00000)]
  0x0000023938877000 JavaThread "Thread-487" [_thread_in_native, id=16916, stack(0x000000abf5c00000,0x000000abf5d00000)]
  0x0000023938d8c000 JavaThread "Thread-486" [_thread_in_native, id=22868, stack(0x000000abf5b00000,0x000000abf5c00000)]
  0x0000023938d92000 JavaThread "Thread-479" [_thread_in_native, id=10636, stack(0x000000abf3b00000,0x000000abf3c00000)]
  0x0000023938d93000 JavaThread "Thread-458" [_thread_in_native, id=15696, stack(0x000000abf5e00000,0x000000abf5f00000)]
  0x0000023938d90800 JavaThread "Thread-457" [_thread_in_native, id=5156, stack(0x000000abf5b00000,0x000000abf5c00000)]
  0x0000023938881800 JavaThread "Thread-432" [_thread_in_native, id=8020, stack(0x000000abf5d00000,0x000000abf5e00000)]
  0x000002393887f000 JavaThread "Thread-431" [_thread_in_native, id=12308, stack(0x000000abf5c00000,0x000000abf5d00000)]
  0x0000023938876000 JavaThread "SyntheticaAnimation 50" daemon [_thread_blocked, id=17688, stack(0x000000abf7000000,0x000000abf7500000)]
  0x0000023938884800 JavaThread "Thread-365" [_thread_in_native, id=17892, stack(0x000000abf5e00000,0x000000abf5f00000)]
  0x0000023938883800 JavaThread "Thread-364" [_thread_in_native, id=1124, stack(0x000000abf5d00000,0x000000abf5e00000)]
  0x0000023938883000 JavaThread "Thread-363" [_thread_in_native, id=20992, stack(0x000000abf5c00000,0x000000abf5d00000)]
  0x000002393887a800 JavaThread "Swing-Shell" daemon [_thread_blocked, id=14764, stack(0x000000abf1b00000,0x000000abf2000000)]
  0x000002393887d000 JavaThread "Thread-239" [_thread_in_native, id=12604, stack(0x000000abf5b00000,0x000000abf5c00000)]
  0x000002393887c000 JavaThread "Thread-238" [_thread_in_native, id=16868, stack(0x000000abf5a00000,0x000000abf5b00000)]
  0x0000023938879000 JavaThread "Thread-237" [_thread_in_native, id=7920, stack(0x000000abf3b00000,0x000000abf3c00000)]
  0x000002393887b800 JavaThread "Thread-236" [_thread_in_native, id=8472, stack(0x000000abf3a00000,0x000000abf3b00000)]
  0x0000023938875800 JavaThread "Thread-235" [_thread_in_native, id=8944, stack(0x000000abeb800000,0x000000abeb900000)]
  0x0000023938d93800 JavaThread "Thread-86" [_thread_in_native, id=16332, stack(0x000000abeb900000,0x000000abeba00000)]
  0x0000023938d91800 JavaThread "Thread-85" [_thread_in_native, id=21304, stack(0x000000abeb800000,0x000000abeb900000)]
  0x0000023938d8e800 JavaThread "SyntheticaAnimation 50" daemon [_thread_blocked, id=11052, stack(0x000000abf6b00000,0x000000abf7000000)]
  0x0000023938d8d000 JavaThread "Image Animator 3" daemon [_thread_blocked, id=7708, stack(0x000000abf5500000,0x000000abf5a00000)]
  0x0000023938d85800 JavaThread "Thread-30" [_thread_in_native, id=22968, stack(0x000000abf1d00000,0x000000abf1e00000)]
  0x0000023938d8b800 JavaThread "Thread-29" [_thread_in_native, id=4580, stack(0x000000abf1c00000,0x000000abf1d00000)]
  0x0000023938d87800 JavaThread "Thread-28" [_thread_in_native, id=8104, stack(0x000000abf1b00000,0x000000abf1c00000)]
  0x0000023938d87000 JavaThread "Thread-27" [_thread_in_native, id=4448, stack(0x000000abf6000000,0x000000abf6100000)]
  0x0000023938d8a800 JavaThread "Thread-26" [_thread_in_native, id=21784, stack(0x000000abf5f00000,0x000000abf6000000)]
  0x00000239369ec000 JavaThread "hw_ila_monitor" [_thread_blocked, id=22160, stack(0x000000abf5000000,0x000000abf5500000)]
  0x00000239369eb000 JavaThread "SyntheticaAnimation 70" daemon [_thread_blocked, id=12004, stack(0x000000abf2f00000,0x000000abf3400000)]
  0x00000239369e9800 JavaThread "SyntheticaAnimation 25" daemon [_thread_blocked, id=20220, stack(0x000000abf4100000,0x000000abf4600000)]
  0x00000239369ef000 JavaThread "SyntheticaAnimation 50" daemon [_thread_blocked, id=3608, stack(0x000000abf3c00000,0x000000abf4100000)]
  0x00000239369ef800 JavaThread "SyntheticaCleanerThread" daemon [_thread_blocked, id=23284, stack(0x000000abf3400000,0x000000abf3900000)]
  0x000002393584d000 JavaThread "Batik CleanerThread" daemon [_thread_blocked, id=5692, stack(0x000000abf2000000,0x000000abf2500000)]
  0x0000023935b55000 JavaThread "Process Messages" [_thread_blocked, id=21992, stack(0x000000abf2a00000,0x000000abf2f00000)]
  0x00000239358e3000 JavaThread "Thread-3" [_thread_in_native, id=21976, stack(0x000000abebb00000,0x000000abecf00000)]
=>0x00000239362e5800 JavaThread "AWT-EventQueue-0" [_thread_in_native, id=15348, stack(0x000000abf2500000,0x000000abf2a00000)]
  0x00000239346b8800 JavaThread "AWT-Windows" daemon [_thread_in_native, id=2516, stack(0x000000abf1600000,0x000000abf1b00000)]
  0x00000239346b6000 JavaThread "AWT-Shutdown" [_thread_blocked, id=9516, stack(0x000000abf1100000,0x000000abf1600000)]
  0x00000239346cf800 JavaThread "Java2D Disposer" daemon [_thread_blocked, id=6864, stack(0x000000abf0c00000,0x000000abf1100000)]
  0x0000023934629000 JavaThread "TimerQueue" daemon [_thread_blocked, id=6432, stack(0x000000abf0700000,0x000000abf0c00000)]
  0x00000239329db800 JavaThread "Service Thread" daemon [_thread_blocked, id=8864, stack(0x000000abf0100000,0x000000abf0600000)]
  0x00000239329d0800 JavaThread "C1 CompilerThread11" daemon [_thread_blocked, id=8740, stack(0x000000abf0000000,0x000000abf0100000)]
  0x00000239329cf800 JavaThread "C1 CompilerThread10" daemon [_thread_blocked, id=1772, stack(0x000000abeff00000,0x000000abf0000000)]
  0x00000239329cd000 JavaThread "C1 CompilerThread9" daemon [_thread_blocked, id=9488, stack(0x000000abefe00000,0x000000abeff00000)]
  0x00000239329cc000 JavaThread "C1 CompilerThread8" daemon [_thread_blocked, id=10052, stack(0x000000abefd00000,0x000000abefe00000)]
  0x00000239329c9800 JavaThread "C2 CompilerThread7" daemon [_thread_blocked, id=19136, stack(0x000000abefc00000,0x000000abefd00000)]
  0x00000239329c8800 JavaThread "C2 CompilerThread6" daemon [_thread_blocked, id=3352, stack(0x000000abefb00000,0x000000abefc00000)]
  0x00000239329c8000 JavaThread "C2 CompilerThread5" daemon [_thread_blocked, id=10856, stack(0x000000abefa00000,0x000000abefb00000)]
  0x00000239329c7000 JavaThread "C2 CompilerThread4" daemon [_thread_blocked, id=2492, stack(0x000000abef900000,0x000000abefa00000)]
  0x00000239329c6000 JavaThread "C2 CompilerThread3" daemon [_thread_blocked, id=17332, stack(0x000000abef800000,0x000000abef900000)]
  0x00000239329c3800 JavaThread "C2 CompilerThread2" daemon [_thread_blocked, id=19108, stack(0x000000abef700000,0x000000abef800000)]
  0x00000239329bd800 JavaThread "C2 CompilerThread1" daemon [_thread_blocked, id=23016, stack(0x000000abef600000,0x000000abef700000)]
  0x00000239329bd000 JavaThread "C2 CompilerThread0" daemon [_thread_blocked, id=19464, stack(0x000000abef500000,0x000000abef600000)]
  0x00000239329bb000 JavaThread "Attach Listener" daemon [_thread_blocked, id=17088, stack(0x000000abef000000,0x000000abef500000)]
  0x00000239329b8800 JavaThread "Signal Dispatcher" daemon [_thread_blocked, id=16924, stack(0x000000abeeb00000,0x000000abef000000)]
  0x0000023930d87800 JavaThread "Finalizer" daemon [_thread_blocked, id=3488, stack(0x000000abee600000,0x000000abeeb00000)]
  0x0000023930d81000 JavaThread "Reference Handler" daemon [_thread_blocked, id=7732, stack(0x000000abee100000,0x000000abee600000)]
  0x0000023919b05000 JavaThread "main" [_thread_blocked, id=2624, stack(0x000000abed200000,0x000000abed300000)]

Other Threads:
  0x0000023932992800 VMThread [stack: 0x000000abee000000,0x000000abee100000] [id=13140]
  0x0000023932a1a800 WatcherThread [stack: 0x000000abf0600000,0x000000abf0700000] [id=10376]

VM state:not at safepoint (normal execution)

VM Mutex/Monitor currently owned by a thread: None

Heap:
 PSYoungGen      total 57856K, used 54181K [0x00000007bc400000, 0x00000007c0000000, 0x00000007c0000000)
  eden space 54272K, 95% used [0x00000007bc400000,0x00000007bf691418,0x00000007bf900000)
  from space 3584K, 66% used [0x00000007bf900000,0x00000007bfb58010,0x00000007bfc80000)
  to   space 3584K, 0% used [0x00000007bfc80000,0x00000007bfc80000,0x00000007c0000000)
 ParOldGen       total 235008K, used 119408K [0x0000000700000000, 0x000000070e580000, 0x00000007bc400000)
  object space 235008K, 50% used [0x0000000700000000,0x000000070749c060,0x000000070e580000)
 Metaspace       used 87851K, capacity 88805K, committed 89520K, reserved 1126400K
  class space    used 12220K, capacity 12387K, committed 12464K, reserved 1048576K

Card table byte_map: [0x0000023928fc0000,0x00000239295d0000] byte_map_base: 0x00000239257c0000

Marking Bits: (ParMarkBitMap*) 0x000000005e52a6d0
 Begin Bits: [0x0000023929bc0000, 0x000002392cbc0000)
 End Bits:   [0x000002392cbc0000, 0x000002392fbc0000)

Polling page: 0x0000023910870000

CodeCache: size=245760Kb used=91826Kb max_used=91861Kb free=153933Kb
 bounds [0x0000023919c00000, 0x000002391f680000, 0x0000023928c00000]
 total_blobs=23393 nmethods=22367 adapters=927
 compilation: enabled

Compilation events (10 events):
Event: 7008.812 Thread 0x00000239329d0800 31428       3       java.awt.Component::dispatchEventImpl (883 bytes)
Event: 7008.817 Thread 0x00000239329d0800 nmethod 31428 0x000002391f64c250 code [0x000002391f64cc40, 0x000002391f655250]
Event: 7013.138 Thread 0x00000239329c9800 31429       4       ui.views.S.s::giT (124 bytes)
Event: 7013.140 Thread 0x00000239329c9800 nmethod 31429 0x000002391c51d650 code [0x000002391c51d7a0, 0x000002391c51d8b8]
Event: 7024.363 Thread 0x00000239329bd800 31430       4       ui.views.V.O::gsU (59 bytes)
Event: 7024.366 Thread 0x00000239329bd800 nmethod 31430 0x000002391dc3b150 code [0x000002391dc3b2c0, 0x000002391dc3b5e8]
Event: 7034.366 Thread 0x00000239329bd800 31431       4       ui.views.x.b.z::k (208 bytes)
Event: 7034.397 Thread 0x00000239329bd800 nmethod 31431 0x000002391f658150 code [0x000002391f658560, 0x000002391f65a350]
Event: 7054.380 Thread 0x00000239329bd800 31432       4       ui.views.x.b.s::a (1048 bytes)
Event: 7054.586 Thread 0x00000239329bd800 nmethod 31432 0x000002391f665c50 code [0x000002391f6667e0, 0x000002391f66ddb8]

GC Heap History (10 events):
Event: 7006.413 GC heap before
{Heap before GC invocations=1089 (full 82):
 PSYoungGen      total 57856K, used 55424K [0x00000007bc400000, 0x00000007c0000000, 0x00000007c0000000)
  eden space 54272K, 100% used [0x00000007bc400000,0x00000007bf900000,0x00000007bf900000)
  from space 3584K, 32% used [0x00000007bfc80000,0x00000007bfda0000,0x00000007c0000000)
  to   space 3584K, 0% used [0x00000007bf900000,0x00000007bf900000,0x00000007bfc80000)
 ParOldGen       total 235008K, used 119192K [0x0000000700000000, 0x000000070e580000, 0x00000007bc400000)
  object space 235008K, 50% used [0x0000000700000000,0x0000000707466060,0x000000070e580000)
 Metaspace       used 87851K, capacity 88805K, committed 89520K, reserved 1126400K
  class space    used 12220K, capacity 12387K, committed 12464K, reserved 1048576K
Event: 7006.417 GC heap after
Heap after GC invocations=1089 (full 82):
 PSYoungGen      total 57856K, used 1184K [0x00000007bc400000, 0x00000007c0000000, 0x00000007c0000000)
  eden space 54272K, 0% used [0x00000007bc400000,0x00000007bc400000,0x00000007bf900000)
  from space 3584K, 33% used [0x00000007bf900000,0x00000007bfa28000,0x00000007bfc80000)
  to   space 3584K, 0% used [0x00000007bfc80000,0x00000007bfc80000,0x00000007c0000000)
 ParOldGen       total 235008K, used 119232K [0x0000000700000000, 0x000000070e580000, 0x00000007bc400000)
  object space 235008K, 50% used [0x0000000700000000,0x0000000707470060,0x000000070e580000)
 Metaspace       used 87851K, capacity 88805K, committed 89520K, reserved 1126400K
  class space    used 12220K, capacity 12387K, committed 12464K, reserved 1048576K
}
Event: 7015.678 GC heap before
{Heap before GC invocations=1090 (full 82):
 PSYoungGen      total 57856K, used 55456K [0x00000007bc400000, 0x00000007c0000000, 0x00000007c0000000)
  eden space 54272K, 100% used [0x00000007bc400000,0x00000007bf900000,0x00000007bf900000)
  from space 3584K, 33% used [0x00000007bf900000,0x00000007bfa28000,0x00000007bfc80000)
  to   space 3584K, 0% used [0x00000007bfc80000,0x00000007bfc80000,0x00000007c0000000)
 ParOldGen       total 235008K, used 119232K [0x0000000700000000, 0x000000070e580000, 0x00000007bc400000)
  object space 235008K, 50% used [0x0000000700000000,0x0000000707470060,0x000000070e580000)
 Metaspace       used 87851K, capacity 88805K, committed 89520K, reserved 1126400K
  class space    used 12220K, capacity 12387K, committed 12464K, reserved 1048576K
Event: 7015.682 GC heap after
Heap after GC invocations=1090 (full 82):
 PSYoungGen      total 57856K, used 1440K [0x00000007bc400000, 0x00000007c0000000, 0x00000007c0000000)
  eden space 54272K, 0% used [0x00000007bc400000,0x00000007bc400000,0x00000007bf900000)
  from space 3584K, 40% used [0x00000007bfc80000,0x00000007bfde8000,0x00000007c0000000)
  to   space 3584K, 0% used [0x00000007bf900000,0x00000007bf900000,0x00000007bfc80000)
 ParOldGen       total 235008K, used 119288K [0x0000000700000000, 0x000000070e580000, 0x00000007bc400000)
  object space 235008K, 50% used [0x0000000700000000,0x000000070747e060,0x000000070e580000)
 Metaspace       used 87851K, capacity 88805K, committed 89520K, reserved 1126400K
  class space    used 12220K, capacity 12387K, committed 12464K, reserved 1048576K
}
Event: 7027.574 GC heap before
{Heap before GC invocations=1091 (full 82):
 PSYoungGen      total 57856K, used 55712K [0x00000007bc400000, 0x00000007c0000000, 0x00000007c0000000)
  eden space 54272K, 100% used [0x00000007bc400000,0x00000007bf900000,0x00000007bf900000)
  from space 3584K, 40% used [0x00000007bfc80000,0x00000007bfde8000,0x00000007c0000000)
  to   space 3584K, 0% used [0x00000007bf900000,0x00000007bf900000,0x00000007bfc80000)
 ParOldGen       total 235008K, used 119288K [0x0000000700000000, 0x000000070e580000, 0x00000007bc400000)
  object space 235008K, 50% used [0x0000000700000000,0x000000070747e060,0x000000070e580000)
 Metaspace       used 87851K, capacity 88805K, committed 89520K, reserved 1126400K
  class space    used 12220K, capacity 12387K, committed 12464K, reserved 1048576K
Event: 7027.579 GC heap after
Heap after GC invocations=1091 (full 82):
 PSYoungGen      total 57856K, used 2144K [0x00000007bc400000, 0x00000007c0000000, 0x00000007c0000000)
  eden space 54272K, 0% used [0x00000007bc400000,0x00000007bc400000,0x00000007bf900000)
  from space 3584K, 59% used [0x00000007bf900000,0x00000007bfb18010,0x00000007bfc80000)
  to   space 3584K, 0% used [0x00000007bfc80000,0x00000007bfc80000,0x00000007c0000000)
 ParOldGen       total 235008K, used 119352K [0x0000000700000000, 0x000000070e580000, 0x00000007bc400000)
  object space 235008K, 50% used [0x0000000700000000,0x000000070748e060,0x000000070e580000)
 Metaspace       used 87851K, capacity 88805K, committed 89520K, reserved 1126400K
  class space    used 12220K, capacity 12387K, committed 12464K, reserved 1048576K
}
Event: 7039.473 GC heap before
{Heap before GC invocations=1092 (full 82):
 PSYoungGen      total 57856K, used 56416K [0x00000007bc400000, 0x00000007c0000000, 0x00000007c0000000)
  eden space 54272K, 100% used [0x00000007bc400000,0x00000007bf900000,0x00000007bf900000)
  from space 3584K, 59% used [0x00000007bf900000,0x00000007bfb18010,0x00000007bfc80000)
  to   space 3584K, 0% used [0x00000007bfc80000,0x00000007bfc80000,0x00000007c0000000)
 ParOldGen       total 235008K, used 119352K [0x0000000700000000, 0x000000070e580000, 0x00000007bc400000)
  object space 235008K, 50% used [0x0000000700000000,0x000000070748e060,0x000000070e580000)
 Metaspace       used 87851K, capacity 88805K, committed 89520K, reserved 1126400K
  class space    used 12220K, capacity 12387K, committed 12464K, reserved 1048576K
Event: 7039.478 GC heap after
Heap after GC invocations=1092 (full 82):
 PSYoungGen      total 57856K, used 2400K [0x00000007bc400000, 0x00000007c0000000, 0x00000007c0000000)
  eden space 54272K, 0% used [0x00000007bc400000,0x00000007bc400000,0x00000007bf900000)
  from space 3584K, 66% used [0x00000007bfc80000,0x00000007bfed8010,0x00000007c0000000)
  to   space 3584K, 0% used [0x00000007bf900000,0x00000007bf900000,0x00000007bfc80000)
 ParOldGen       total 235008K, used 119400K [0x0000000700000000, 0x000000070e580000, 0x00000007bc400000)
  object space 235008K, 50% used [0x0000000700000000,0x000000070749a060,0x000000070e580000)
 Metaspace       used 87851K, capacity 88805K, committed 89520K, reserved 1126400K
  class space    used 12220K, capacity 12387K, committed 12464K, reserved 1048576K
}
Event: 7049.800 GC heap before
{Heap before GC invocations=1093 (full 82):
 PSYoungGen      total 57856K, used 56672K [0x00000007bc400000, 0x00000007c0000000, 0x00000007c0000000)
  eden space 54272K, 100% used [0x00000007bc400000,0x00000007bf900000,0x00000007bf900000)
  from space 3584K, 66% used [0x00000007bfc80000,0x00000007bfed8010,0x00000007c0000000)
  to   space 3584K, 0% used [0x00000007bf900000,0x00000007bf900000,0x00000007bfc80000)
 ParOldGen       total 235008K, used 119400K [0x0000000700000000, 0x000000070e580000, 0x00000007bc400000)
  object space 235008K, 50% used [0x0000000700000000,0x000000070749a060,0x000000070e580000)
 Metaspace       used 87851K, capacity 88805K, committed 89520K, reserved 1126400K
  class space    used 12220K, capacity 12387K, committed 12464K, reserved 1048576K
Event: 7049.804 GC heap after
Heap after GC invocations=1093 (full 82):
 PSYoungGen      total 57856K, used 2400K [0x00000007bc400000, 0x00000007c0000000, 0x00000007c0000000)
  eden space 54272K, 0% used [0x00000007bc400000,0x00000007bc400000,0x00000007bf900000)
  from space 3584K, 66% used [0x00000007bf900000,0x00000007bfb58010,0x00000007bfc80000)
  to   space 3584K, 0% used [0x00000007bfc80000,0x00000007bfc80000,0x00000007c0000000)
 ParOldGen       total 235008K, used 119408K [0x0000000700000000, 0x000000070e580000, 0x00000007bc400000)
  object space 235008K, 50% used [0x0000000700000000,0x000000070749c060,0x000000070e580000)
 Metaspace       used 87851K, capacity 88805K, committed 89520K, reserved 1126400K
  class space    used 12220K, capacity 12387K, committed 12464K, reserved 1048576K
}

Deoptimization events (10 events):
Event: 6629.179 Thread 0x00000239362e5800 Uncommon trap: reason=unstable_if action=reinterpret pc=0x000002391b7fa408 method=ui.frmwork.d.p.<init>(Ljava/util/ArrayList;Ljava/lang/String;Lui/utils/b/a/a;)V @ 226
Event: 6629.188 Thread 0x00000239362e5800 Uncommon trap: reason=unstable_if action=reinterpret pc=0x000002391d335750 method=ui.views.x.b.p.fBL()Lui/views/x/b/al; @ 71
Event: 6629.197 Thread 0x00000239362e5800 Uncommon trap: reason=unstable_if action=reinterpret pc=0x000002391aed59b4 method=ui.views.x.b.k.a(Ljava/lang/Object;ZLui/views/x/b/al;)Ljavax/swing/ImageIcon; @ 247
Event: 6631.226 Thread 0x00000239362e5800 Uncommon trap: reason=unstable_if action=reinterpret pc=0x000002391bb4a1a0 method=javax.swing.JTree.getPathForLocation(II)Ljavax/swing/tree/TreePath; @ 53
Event: 6648.880 Thread 0x00000239362e5800 Uncommon trap: reason=predicate action=maybe_recompile pc=0x000002391c637290 method=java.util.TimSort.gallopLeft(Ljava/lang/Object;[Ljava/lang/Object;IIILjava/util/Comparator;)I @ 65
Event: 6741.726 Thread 0x000002393e39c800 Uncommon trap: reason=unstable_if action=reinterpret pc=0x000002391ad549f0 method=java.util.concurrent.locks.AbstractQueuedSynchronizer.unparkSuccessor(Ljava/util/concurrent/locks/AbstractQueuedSynchronizer$Node;)V @ 6
Event: 6925.697 Thread 0x00000239362e5800 Uncommon trap: reason=unstable_if action=reinterpret pc=0x000002391ea5af84 method=java.awt.DefaultKeyboardFocusManager.processKeyEvent(Ljava/awt/Component;Ljava/awt/event/KeyEvent;)V @ 99
Event: 6926.170 Thread 0x00000239362e5800 Uncommon trap: reason=class_check action=maybe_recompile pc=0x000002391b89783c method=javax.swing.SwingUtilities.getRootPane(Ljava/awt/Component;)Ljavax/swing/JRootPane; @ 8
Event: 7014.650 Thread 0x00000239362e5800 Uncommon trap: reason=bimorphic action=maybe_recompile pc=0x000002391c74ba38 method=com.jidesoft.docking.DockableFrame$1.focusGained(Ljava/awt/event/FocusEvent;)V @ 17
Event: 7014.823 Thread 0x00000239362e5800 Uncommon trap: reason=bimorphic action=maybe_recompile pc=0x000002391c74ba38 method=com.jidesoft.docking.DockableFrame$1.focusGained(Ljava/awt/event/FocusEvent;)V @ 17

Internal exceptions (10 events):
Event: 6217.267 Thread 0x00000239362e5800 Implicit null exception at 0x000002391f1af042 to 0x000002391f1afab5
Event: 6231.839 Thread 0x00000239391b3000 Exception <a 'java/lang/InterruptedException': sleep interrupted> (0x00000007bccb17e0) thrown at [C:\re\workspace\8-2-build-windows-amd64-cygwin\jdk8u112\7884\hotspot\src\share\vm\prims\jvm.cpp, line 3180]
Event: 6267.805 Thread 0x0000023938d8f000 Exception <a 'java/lang/InterruptedException': sleep interrupted> (0x00000007bdf94720) thrown at [C:\re\workspace\8-2-build-windows-amd64-cygwin\jdk8u112\7884\hotspot\src\share\vm\prims\jvm.cpp, line 3180]
Event: 6297.845 Thread 0x0000023938880800 Exception <a 'java/lang/InterruptedException': sleep interrupted> (0x00000007bcc9c6a0) thrown at [C:\re\workspace\8-2-build-windows-amd64-cygwin\jdk8u112\7884\hotspot\src\share\vm\prims\jvm.cpp, line 3180]
Event: 6421.057 Thread 0x00000239362e5800 Implicit null exception at 0x000002391de8794b to 0x000002391de8a7ad
Event: 6594.955 Thread 0x0000023938d8f000 Exception <a 'java/lang/InterruptedException': sleep interrupted> (0x00000007bc4d4cb0) thrown at [C:\re\workspace\8-2-build-windows-amd64-cygwin\jdk8u112\7884\hotspot\src\share\vm\prims\jvm.cpp, line 3180]
Event: 6647.196 Thread 0x00000239391b0800 Exception <a 'java/lang/InterruptedException': sleep interrupted> (0x00000007be832660) thrown at [C:\re\workspace\8-2-build-windows-amd64-cygwin\jdk8u112\7884\hotspot\src\share\vm\prims\jvm.cpp, line 3228]
Event: 6650.970 Thread 0x0000023938aed800 Exception <a 'java/lang/InterruptedException': sleep interrupted> (0x00000007bc976168) thrown at [C:\re\workspace\8-2-build-windows-amd64-cygwin\jdk8u112\7884\hotspot\src\share\vm\prims\jvm.cpp, line 3180]
Event: 6751.370 Thread 0x0000023938af4000 Exception <a 'java/lang/InterruptedException': sleep interrupted> (0x00000007bd94e150) thrown at [C:\re\workspace\8-2-build-windows-amd64-cygwin\jdk8u112\7884\hotspot\src\share\vm\prims\jvm.cpp, line 3180]
Event: 6845.666 Thread 0x0000023938af5000 Exception <a 'java/lang/InterruptedException': sleep interrupted> (0x00000007bcc08370) thrown at [C:\re\workspace\8-2-build-windows-amd64-cygwin\jdk8u112\7884\hotspot\src\share\vm\prims\jvm.cpp, line 3180]

Events (10 events):
Event: 7047.590 Thread 0x0000023938af0800 Thread exited: 0x0000023938af0800
Event: 7049.800 Executing VM operation: ParallelGCFailedAllocation
Event: 7049.804 Executing VM operation: ParallelGCFailedAllocation done
Event: 7054.587 Thread 0x00000239329bd800 flushing nmethod 0x000002391a3b9fd0
Event: 7057.587 Thread 0x0000023938af0800 Thread added: 0x0000023938af0800
Event: 7057.590 Executing VM operation: RevokeBias
Event: 7057.590 Executing VM operation: RevokeBias done
Event: 7057.590 Thread 0x0000023938af0800 Thread exited: 0x0000023938af0800
Event: 7058.013 Executing VM operation: RevokeBias
Event: 7058.013 Executing VM operation: RevokeBias done


Dynamic libraries:
0x00007ff721fc0000 - 0x00007ff721ff0000 	D:\Xilinx\Vivado\2018.2\bin\unwrapped\win64.o\vivado.exe
0x00007ffc1a530000 - 0x00007ffc1a744000 	C:\Windows\SYSTEM32\ntdll.dll
0x00007ffc184b0000 - 0x00007ffc18573000 	C:\Windows\System32\KERNEL32.DLL
0x00007ffc179f0000 - 0x00007ffc17d8d000 	C:\Windows\System32\KERNELBASE.dll
0x00007ffc14840000 - 0x00007ffc148d7000 	C:\Windows\SYSTEM32\apphelp.dll
0x00007ffc180b0000 - 0x00007ffc181c1000 	C:\Windows\System32\ucrtbase.dll
0x00007ffbf4700000 - 0x00007ffbf478e000 	C:\Windows\SYSTEM32\MSVCP140.dll
0x00007ffbf9730000 - 0x00007ffbf974b000 	C:\Windows\SYSTEM32\VCRUNTIME140.dll
0x00007ffbf9e80000 - 0x00007ffbf9e8c000 	C:\Windows\SYSTEM32\VCRUNTIME140_1.dll
0x00007ffc0c600000 - 0x00007ffc0c614000 	D:\Xilinx\Vivado\2018.2\lib\win64.o\libboost_signals.dll
0x00007ffc067e0000 - 0x00007ffc067f4000 	D:\Xilinx\Vivado\2018.2\lib\win64.o\librdi_commonmain.dll
0x00007ffc13b70000 - 0x00007ffc13b7a000 	D:\Xilinx\Vivado\2018.2\lib\win64.o\librdi_commonversion.dll
0x00007ffc06660000 - 0x00007ffc06686000 	D:\Xilinx\Vivado\2018.2\lib\win64.o\libboost_filesystem.dll
0x00007ffc18590000 - 0x00007ffc1863e000 	C:\Windows\System32\ADVAPI32.dll
0x00007ffc189d0000 - 0x00007ffc18a77000 	C:\Windows\System32\msvcrt.dll
0x00007ffc19190000 - 0x00007ffc19234000 	C:\Windows\System32\sechost.dll
0x00007ffc18390000 - 0x00007ffc184a5000 	C:\Windows\System32\RPCRT4.dll
0x00007ffc06530000 - 0x00007ffc06651000 	D:\Xilinx\Vivado\2018.2\lib\win64.o\librdi_commonxillic.dll
0x00007ffc18d40000 - 0x00007ffc18eed000 	C:\Windows\System32\USER32.dll
0x00007ffc181d0000 - 0x00007ffc181f6000 	C:\Windows\System32\win32u.dll
0x00007ffc19aa0000 - 0x00007ffc19ac9000 	C:\Windows\System32\GDI32.dll
0x00007ffc18200000 - 0x00007ffc18312000 	C:\Windows\System32\gdi32full.dll
0x00007ffc17950000 - 0x00007ffc179ea000 	C:\Windows\System32\msvcp_win.dll
0x000000005e5b0000 - 0x000000005e6db000 	D:\Xilinx\Vivado\2018.2\lib\win64.o\tcl85t.dll
0x00007ffc19110000 - 0x00007ffc19181000 	C:\Windows\System32\WS2_32.dll
0x00007ffc128c0000 - 0x00007ffc128cb000 	D:\Xilinx\Vivado\2018.2\lib\win64.o\libboost_system.dll
0x00007ffb63c60000 - 0x00007ffb63f15000 	D:\Xilinx\Vivado\2018.2\lib\win64.o\libXil_lmgr11.dll
0x00007ffc18aa0000 - 0x00007ffc18b97000 	C:\Windows\System32\COMDLG32.dll
0x00007ffc18640000 - 0x00007ffc189ca000 	C:\Windows\System32\combase.dll
0x00007ffc1a380000 - 0x00007ffc1a471000 	C:\Windows\System32\shcore.dll
0x00007ffc18330000 - 0x00007ffc1838e000 	C:\Windows\System32\SHLWAPI.dll
0x00007ffc19240000 - 0x00007ffc19a2f000 	C:\Windows\System32\SHELL32.dll
0x00007ffc19e20000 - 0x00007ffc19ef7000 	C:\Windows\System32\OLEAUT32.dll
0x00007ffc19ad0000 - 0x00007ffc19c6c000 	C:\Windows\System32\ole32.dll
0x00007ffc17d90000 - 0x00007ffc17dfb000 	C:\Windows\System32\WINTRUST.dll
0x00007ffc17f40000 - 0x00007ffc180a6000 	C:\Windows\System32\CRYPT32.dll
0x00007ffc02980000 - 0x00007ffc02a94000 	D:\Xilinx\Vivado\2018.2\lib\win64.o\libboost_regex.dll
0x00007ffbff090000 - 0x00007ffbff0a9000 	C:\Windows\SYSTEM32\NETAPI32.dll
0x00007ffbecb00000 - 0x00007ffbecbb3000 	C:\Windows\WinSxS\amd64_microsoft.windows.common-controls_6595b64144ccf1df_5.82.22621.608_none_fb280a3c7926c2cc\COMCTL32.dll
0x00007ffc128a0000 - 0x00007ffc128a9000 	C:\Windows\SYSTEM32\WSOCK32.dll
0x00007ffc0e3d0000 - 0x00007ffc0e3ef000 	C:\Windows\SYSTEM32\dhcpcsvc.DLL
0x00007ffb62e40000 - 0x00007ffb63c59000 	D:\Xilinx\Vivado\2018.2\lib\win64.o\librdi_common.dll
0x00007ffc06380000 - 0x00007ffc06394000 	D:\Xilinx\Vivado\2018.2\lib\win64.o\libboost_date_time.dll
0x00007ffb62ad0000 - 0x00007ffb62e3e000 	D:\Xilinx\Vivado\2018.2\lib\win64.o\libCOIN-all.dll
0x00007ffc06300000 - 0x00007ffc0637f000 	D:\Xilinx\Vivado\2018.2\lib\win64.o\libboost_program_options.dll
0x00007ffc05dd0000 - 0x00007ffc05df1000 	D:\Xilinx\Vivado\2018.2\lib\win64.o\libboost_thread.dll
0x00007ffc127f0000 - 0x00007ffc127ff000 	D:\Xilinx\Vivado\2018.2\lib\win64.o\libboost_xilinx.dll
0x00007ffbcc9c0000 - 0x00007ffbcca42000 	D:\Xilinx\Vivado\2018.2\lib\win64.o\libhdlpsolve.dll
0x00007ffbcc910000 - 0x00007ffbcc9b5000 	D:\Xilinx\Vivado\2018.2\lib\win64.o\libhdxml.dll
0x00007ffc02d80000 - 0x00007ffc02dae000 	D:\Xilinx\Vivado\2018.2\lib\win64.o\libisl_sysinfo.dll
0x00007ffbe4950000 - 0x00007ffbe49b5000 	D:\Xilinx\Vivado\2018.2\lib\win64.o\liblmx6.0.dll
0x000000005dd10000 - 0x000000005e5aa000 	D:\Xilinx\Vivado\2018.2\tps\win64\jre\bin\server\jvm.dll
0x00007ffc19100000 - 0x00007ffc19108000 	C:\Windows\System32\PSAPI.DLL
0x00007ffc05db0000 - 0x00007ffc05dca000 	D:\Xilinx\Vivado\2018.2\lib\win64.o\pthreadVC2.dll
0x00007ffc02b50000 - 0x00007ffc02b6c000 	D:\Xilinx\Vivado\2018.2\lib\win64.o\librdiconfig.dll
0x00007ffbbd000000 - 0x00007ffbbd151000 	D:\Xilinx\Vivado\2018.2\lib\win64.o\librdi_curl.dll
0x00007ffc02b20000 - 0x00007ffc02b41000 	D:\Xilinx\Vivado\2018.2\lib\win64.o\librdizlib.dll
0x00007ffc002d0000 - 0x00007ffc007c4000 	C:\Windows\SYSTEM32\WININET.dll
0x00007ffc11110000 - 0x00007ffc1123f000 	C:\Windows\SYSTEM32\WINHTTP.dll
0x00007ffbff940000 - 0x00007ffbffb30000 	C:\Windows\SYSTEM32\urlmon.dll
0x00007ffb61c30000 - 0x00007ffb62ac1000 	D:\Xilinx\Vivado\2018.2\lib\win64.o\gurobi65.dll
0x00007ffbf1540000 - 0x00007ffbf1571000 	C:\Windows\SYSTEM32\VCOMP140.DLL
0x0000000012000000 - 0x0000000012272000 	D:\Xilinx\Vivado\2018.2\lib\win64.o\xerces-c_3_1.dll
0x00007ffc127a0000 - 0x00007ffc127ad000 	D:\Xilinx\Vivado\2018.2\lib\win64.o\libboost_chrono.dll
0x00007ffc0e730000 - 0x00007ffc0e73a000 	C:\Windows\SYSTEM32\VERSION.dll
0x00007ffc0e500000 - 0x00007ffc0e534000 	C:\Windows\SYSTEM32\WINMM.dll
0x00007ffbff680000 - 0x00007ffbff931000 	C:\Windows\SYSTEM32\iertutil.dll
0x00007ffbff650000 - 0x00007ffbff678000 	C:\Windows\SYSTEM32\srvcli.dll
0x00007ffc165f0000 - 0x00007ffc165fc000 	C:\Windows\SYSTEM32\netutils.dll
0x000000005dc30000 - 0x000000005dd02000 	C:\Windows\SYSTEM32\MSVCR100.dll
0x00007ffb61370000 - 0x00007ffb61c23c00 	D:\Xilinx\Vivado\2018.2\lib\win64.o\libisl_iostreams.dll
0x00007ffbe46c0000 - 0x00007ffbe46e5000 	D:\Xilinx\Vivado\2018.2\lib\win64.o\libisl_iosutils.dll
0x00007ffc02960000 - 0x00007ffc0297b000 	D:\Xilinx\Vivado\2018.2\lib\win64.o\libboost_iostreams.dll
0x00007ffc190c0000 - 0x00007ffc190f2000 	C:\Windows\System32\IMM32.DLL
0x00007ffc175e0000 - 0x00007ffc175f2000 	C:\Windows\SYSTEM32\MSASN1.dll
0x00007ffc16a70000 - 0x00007ffc16a88000 	C:\Windows\SYSTEM32\kernel.appcore.dll
0x00007ffb60ee0000 - 0x00007ffb6136c000 	D:\Xilinx\Vivado\2018.2\lib\win64.o\librdi_commontasks.dll
0x00007ffb60c60000 - 0x00007ffb60ed7000 	D:\Xilinx\Vivado\2018.2\lib\win64.o\librdi_sio.dll
0x00007ffc16450000 - 0x00007ffc1647d000 	C:\Windows\SYSTEM32\IPHLPAPI.DLL
0x00007ffc15940000 - 0x00007ffc16208000 	C:\Windows\SYSTEM32\windows.storage.dll
0x00007ffc15800000 - 0x00007ffc1593e000 	C:\Windows\SYSTEM32\wintypes.dll
0x00007ffb5ea60000 - 0x00007ffb60c5f000 	D:\Xilinx\Vivado\2018.2\lib\win64.o\librdi_tcltasks.dll
0x00007ffbdb840000 - 0x00007ffbdb8aa000 	D:\Xilinx\Vivado\2018.2\lib\win64.o\librdi_boarddep.dll
0x00007ffb5e680000 - 0x00007ffb5ea55000 	D:\Xilinx\Vivado\2018.2\lib\win64.o\librdi_bitstream.dll
0x00007ffb5e500000 - 0x00007ffb5e67e000 	D:\Xilinx\Vivado\2018.2\lib\win64.o\librdi_board.dll
0x00007ffb5e2b0000 - 0x00007ffb5e4f7000 	D:\Xilinx\Vivado\2018.2\lib\win64.o\librdi_chipscope.dll
0x00007ffb5e180000 - 0x00007ffb5e2a8000 	D:\Xilinx\Vivado\2018.2\lib\win64.o\librdi_containers.dll
0x00007ffb5a410000 - 0x00007ffb5e172000 	D:\Xilinx\Vivado\2018.2\lib\win64.o\librdi_designutils.dll
0x00007ffb27930000 - 0x00007ffb29189000 	D:\Xilinx\Vivado\2018.2\lib\win64.o\librdi_constraints.dll
0x00007ffb5a0f0000 - 0x00007ffb5a408000 	D:\Xilinx\Vivado\2018.2\lib\win64.o\librdi_dlyest.dll
0x00007ffb59ba0000 - 0x00007ffb5a0e1000 	D:\Xilinx\Vivado\2018.2\lib\win64.o\librdi_drc.dll
0x00007ffbcc780000 - 0x00007ffbcc842000 	D:\Xilinx\Vivado\2018.2\lib\win64.o\librdi_dsp.dll
0x00007ffb25c10000 - 0x00007ffb27921000 	D:\Xilinx\Vivado\2018.2\lib\win64.o\librdi_coregen.dll
0x00007ffb598c0000 - 0x00007ffb59b91000 	D:\Xilinx\Vivado\2018.2\lib\win64.o\librdi_guitools.dll
0x00007ffb57a90000 - 0x00007ffb58169000 	D:\Xilinx\Vivado\2018.2\lib\win64.o\librdi_coregenipxact.dll
0x00007ffbdb030000 - 0x00007ffbdb088000 	D:\Xilinx\Vivado\2018.2\lib\win64.o\librdi_hdf.dll
0x00007ffb57450000 - 0x00007ffb57a81000 	D:\Xilinx\Vivado\2018.2\lib\win64.o\librdi_filemgmt.dll
0x00007ffb17410000 - 0x00007ffb25c08000 	D:\Xilinx\Vivado\2018.2\lib\win64.o\librdi_device.dll
0x00007ffb29860000 - 0x00007ffb2aa94000 	D:\Xilinx\Vivado\2018.2\lib\win64.o\librdi_implflow.dll
0x00007ffb2d130000 - 0x00007ffb2d781000 	D:\Xilinx\Vivado\2018.2\lib\win64.o\librdi_memdata.dll
0x00007ffbdcf10000 - 0x00007ffbdcf59000 	D:\Xilinx\Vivado\2018.2\lib\win64.o\librdi_pfi.dll
0x00007ffb2cc80000 - 0x00007ffb2d122000 	D:\Xilinx\Vivado\2018.2\lib\win64.o\librdi_netlist.dll
0x00007ffb13c00000 - 0x00007ffb1740a000 	D:\Xilinx\Vivado\2018.2\lib\win64.o\librdi_mig.dll
0x00007ffb13510000 - 0x00007ffb13bfc000 	D:\Xilinx\Vivado\2018.2\lib\win64.o\librdi_power.dll
0x00007ffb59630000 - 0x00007ffb598ba000 	D:\Xilinx\Vivado\2018.2\lib\win64.o\librdi_platform.dll
0x00007ffb2bf40000 - 0x00007ffb2c47d000 	D:\Xilinx\Vivado\2018.2\lib\win64.o\librdi_project.dll
0x00007ffb11170000 - 0x00007ffb1350e000 	D:\Xilinx\Vivado\2018.2\lib\win64.o\librdi_place.dll
0x00007ffb10b30000 - 0x00007ffb1116e000 	D:\Xilinx\Vivado\2018.2\lib\win64.o\librdi_rsb.dll
0x00007ffb10440000 - 0x00007ffb10b21000 	D:\Xilinx\Vivado\2018.2\lib\win64.o\librdi_psta.dll
0x00007ffbbc2e0000 - 0x00007ffbbc3b7000 	D:\Xilinx\Vivado\2018.2\lib\win64.o\librdi_runsbase.dll
0x00007ffb57220000 - 0x00007ffb57446000 	D:\Xilinx\Vivado\2018.2\lib\win64.o\librdi_simdata.dll
0x00007ffb10070000 - 0x00007ffb10433000 	D:\Xilinx\Vivado\2018.2\lib\win64.o\librdi_runs.dll
0x00007ffb57150000 - 0x00007ffb5721b000 	D:\Xilinx\Vivado\2018.2\lib\win64.o\librdi_xhub.dll
0x00007ffbc0b50000 - 0x00007ffbc0b9c000 	D:\Xilinx\Vivado\2018.2\lib\win64.o\libboost_serialization.dll
0x00007ffb0f350000 - 0x00007ffb1006d000 	D:\Xilinx\Vivado\2018.2\lib\win64.o\librdi_timing.dll
0x00007ffb59580000 - 0x00007ffb5962f000 	D:\Xilinx\Vivado\2018.2\lib\win64.o\librdi_hip_devdesign.dll
0x00007ffbbff00000 - 0x00007ffbbff88000 	D:\Xilinx\Vivado\2018.2\lib\win64.o\librdi_hip_config.dll
0x00007ffbcc740000 - 0x00007ffbcc778000 	D:\Xilinx\Vivado\2018.2\lib\win64.o\librdi_noc_frameworks.dll
0x00007ffbbcf90000 - 0x00007ffbbcff6000 	D:\Xilinx\Vivado\2018.2\lib\win64.o\librdi_ipconfig_readwrite.dll
0x00007ffb0ee00000 - 0x00007ffb0f34e000 	D:\Xilinx\Vivado\2018.2\lib\win64.o\librdi_xdm.dll
0x00007ffb570b0000 - 0x00007ffb5714e000 	D:\Xilinx\Vivado\2018.2\lib\win64.o\libise.dll
0x00007ffbbca90000 - 0x00007ffbbcad9000 	D:\Xilinx\Vivado\2018.2\lib\win64.o\librdi_wavedata_SimpleApi.dll
0x00007ffb0e850000 - 0x00007ffb0edf1000 	D:\Xilinx\Vivado\2018.2\lib\win64.o\librdi_wavedata.dll
0x00007ffb0dd50000 - 0x00007ffb0e843000 	D:\Xilinx\Vivado\2018.2\lib\win64.o\libverific.dll
0x00007ffb3d510000 - 0x00007ffb3d753000 	D:\Xilinx\Vivado\2018.2\lib\win64.o\librdi_hsm.dll
0x00007ffb0ce50000 - 0x00007ffb0dd41000 	D:\Xilinx\Vivado\2018.2\lib\win64.o\librdi_route.dll
0x00007ffb0b060000 - 0x00007ffb0ce42000 	D:\Xilinx\Vivado\2018.2\lib\win64.o\librdi_synth.dll
0x00007ffc027a0000 - 0x00007ffc027ba000 	D:\Xilinx\Vivado\2018.2\lib\win64.o\librdi_hmetis.dll

VM Arguments:
jvm_args: -Dsun.java2d.pmoffscreen=false -Dsun.java2d.xrender=false -Dsun.java2d.d3d=false -Dsun.awt.nopixfmt=true -Xverify:none -Dswing.aatext=true -XX:-UsePerfData -Djdk.map.althashing.threshold=512 -XX:StringTableSize=4072 -XX:NewSize=60m -XX:MaxNewSize=60m -Xms128m -Xmx3072m -Xss5m 
java_command: <unknown>
java_class_path (initial): D:/Xilinx/Vivado/2018.2\lib\classes\alloy.jar;D:/Xilinx/Vivado/2018.2\lib\classes\autopilot.scelaborator.jar;D:/Xilinx/Vivado/2018.2\lib\classes\autopilot.sourceprocessor.jar;D:/Xilinx/Vivado/2018.2\lib\classes\autopilot.tbprocessor.jar;D:/Xilinx/Vivado/2018.2\lib\classes\batik-anim.jar;D:/Xilinx/Vivado/2018.2\lib\classes\batik-awt-util.jar;D:/Xilinx/Vivado/2018.2\lib\classes\batik-bridge.jar;D:/Xilinx/Vivado/2018.2\lib\classes\batik-codec.jar;D:/Xilinx/Vivado/2018.2\lib\classes\batik-css.jar;D:/Xilinx/Vivado/2018.2\lib\classes\batik-dom.jar;D:/Xilinx/Vivado/2018.2\lib\classes\batik-ext.jar;D:/Xilinx/Vivado/2018.2\lib\classes\batik-gui-util.jar;D:/Xilinx/Vivado/2018.2\lib\classes\batik-gvt.jar;D:/Xilinx/Vivado/2018.2\lib\classes\batik-parser.jar;D:/Xilinx/Vivado/2018.2\lib\classes\batik-script.jar;D:/Xilinx/Vivado/2018.2\lib\classes\batik-svg-dom.jar;D:/Xilinx/Vivado/2018.2\lib\classes\batik-swing.jar;D:/Xilinx/Vivado/2018.2\lib\classes\batik-transcoder.jar;D:/Xilinx/Vivado/2018.2\lib\classes\batik-util.jar;D:/Xilinx/Vivado/2018.2\lib\classes\batik-xml.jar;D:/Xilinx/Vivado/2018.2\lib\classes\com.ibm.icu_4.4.2.v20110208.jar;D:/Xilinx/Vivado/2018.2\lib\classes\commons-collections4-4.1.jar;D:/Xilinx/Vivado/2018.2\lib\classes\commons-math-2.2.jar;D:/Xilinx/Vivado/2018.2\lib\classes\dom4j-1.6.1.jar;D:/Xilinx/Vivado/2018.2\lib\classes\guava-18.0.jar;D:/Xilinx/Vivado/2018.2\lib\classes\help.jar;D:/Xilinx/Vivado/2018.2\lib\classes\hsqldb.jar;D:/Xilinx/Vivado/2018.2\lib\classes\jargs.jar;D:/Xilinx/Vivado/2018.2\lib\classes\jh.jar;D:/Xilinx/Vivado/2018.2\lib\classes\jide-action.jar;D:/Xilinx/Vivado/2018.2\lib\classes\jide-charts.jar;D:/Xilinx/Vivado/2018.2\lib\classes\jide-common.jar;D:/Xilinx/Vivado/2018.2\lib\classes\jide-components.jar;D:/Xilinx/Vivado/2018.2\lib\classes\jide-dashboard.jar;D:/Xilinx/Vivado/2018.2\lib\classes\jide-data.jar;D:/Xilinx/Vivado/2018.2\lib\classes\jide-dialogs.jar;D:/Xilinx/Vivado/2018.2\lib\classes\jide-diff.jar;D:/X
Launcher Type: generic

Environment Variables:
JAVA_HOME=C:\Users\Antony\AppData\Local\Programs\Eclipse Adoptium\jdk-17.0.4.101-hotspot\
PATH=D:/Xilinx/Vivado/2018.2/bin;D:/Xilinx/Vivado/2018.2/lib/win64.o;D:/Xilinx/Vivado/2018.2/tps/win64/jre/bin/server;D:/Xilinx/Vivado/2018.2/tps/win64/jre/bin;D:/Xilinx/SDK/2018.2/bin;D:/Xilinx/Vivado/2018.2/ids_lite/ISE/bin/nt64;D:/Xilinx/Vivado/2018.2/ids_lite/ISE/lib/nt64;C:\Program Files\Python310\Scripts\;C:\Program Files\Python310\;D:\Oculus\Support\oculus-runtime;C:\Windows\system32;C:\Windows;C:\Windows\System32\Wbem;C:\Windows\System32\WindowsPowerShell\v1.0\;C:\Windows\System32\OpenSSH\;C:\Program Files\Git\cmd;C:\Program Files\Git\mingw64\bin;C:\Program Files\Git\usr\bin;C:\Program Files\Git LFS;C:\Program Files (x86)\NVIDIA Corporation\PhysX\Common;C:\Program Files\NVIDIA Corporation\NVIDIA NvDLISR;C:\Program Files\Cloudflare\Cloudflare WARP\;C:\Program Files\dotnet\;C:\Program Files (x86)\FFAIO\bin;C:\Users\Antony\AppData\Local\Programs\Eclipse Adoptium\jdk-17.0.4.101-hotspot\bin;C:\Users\Antony\AppData\Local\Microsoft\WindowsApps;C:\Users\Antony\AppData\Local\Programs\Microsoft VS Code\bin;C:\MinGW\bin;C:\MinGW\lib;C:\Users\Antony\AppData\Local\Programs\Eclipse Adoptium\jdk-17.0.4.101-hotspot;C:\Users\Antony\AppData\Local\Programs\Eclipse Adoptium\jdk-17.0.4.101-hotspot\lib;C:\Users\Antony\AppData\Local\GitHubDesktop\bin;C:\Users\Antony\.dotnet\tools;C:\Users\Antony\AppData\Roaming\Python\Python310\Scripts;;D:/Xilinx/Vivado/2018.2\tps\mingw\6.2.0\win64.o\nt\bin;D:/Xilinx/Vivado/2018.2\tps\mingw\6.2.0\win64.o\nt\libexec\gcc\x86_64-w64-mingw32\6.2.0
USERNAME=Antony
OS=Windows_NT
PROCESSOR_IDENTIFIER=AMD64 Family 25 Model 80 Stepping 0, AuthenticAMD



---------------  S Y S T E M  ---------------

OS: Windows 10.0 , 64 bit Build 22621 (10.0.22621.963)

CPU:total 16 (16 cores per cpu, 1 threads per core) family 25 model 80 stepping 0, cmov, cx8, fxsr, mmx, sse, sse2, sse3, ssse3, sse4.1, sse4.2, popcnt, avx, avx2, aes, clmul, erms, mmxext, 3dnowpref, lzcnt, sse4a, tsc, tscinvbit, tscinv, bmi1

Memory: 4k page, physical 16154340k(5362472k free), swap 28737252k(10974584k free)

vm_info: Java HotSpot(TM) 64-Bit Server VM (25.112-b15) for windows-amd64 JRE (1.8.0_112-b15), built on Sep 22 2016 21:31:56 by "java_re" with MS VC++ 10.0 (VS2010)

time: Tue Dec 20 19:11:17 2022
elapsed time: 7060 seconds (0d 1h 57m 40s)

